<?xml version="1.0" encoding="UTF-8"?>
<testsuite xmlns:xsi="http://www.w3.org/2001/XMLSchema-instance" xsi:noNamespaceSchemaLocation="https://maven.apache.org/surefire/maven-surefire-plugin/xsd/surefire-test-report-3.0.xsd" version="3.0" name="com.nataliogomes.chronicblog.ChronicBlogApplicationTests" time="7.073" tests="1" errors="0" skipped="0" failures="0">
  <properties>
[...]
</properties>
  <testcase name="contextLoads" classname="com.nataliogomes.chronicblog.ChronicBlogApplicationTests" time="0.289">
    <system-out><![CDATA[10:38:52.455 [main] INFO org.springframework.test.context.support.AnnotationConfigContextLoaderUtils -- Could not detect default configuration classes for test class [com.nataliogomes.chronicblog.ChronicBlogApplicationTests]: ChronicBlogApplicationTests does not declare any static, non-private, non-final, nested classes annotated with @Configuration.
10:38:52.499 [main] INFO org.springframework.boot.test.context.SpringBootTestContextBootstrapper -- Found @SpringBootConfiguration com.nataliogomes.chronicblog.ChronicBlogApplication for test class com.nataliogomes.chronicblog.ChronicBlogApplicationTests
10:38:52.562 [main] INFO org.springframework.boot.devtools.restart.RestartApplicationListener -- Restart disabled due to context in which it is running

  .   ____          _            __ _ _
 /\\ / ___'_ __ _ _(_)_ __  __ _ \ \ \ \
( ( )\___ | '_ | '_| | '_ \/ _` | \ \ \ \
 \\/  ___)| |_)| | | | | || (_| |  ) ) ) )
  '  |____| .__|_| |_|_| |_\__, | / / / /
 =========|_|==============|___/=/_/_/_/

 :: Spring Boot ::                (v3.3.2)

2024-08-22T10:38:52.730+03:00  INFO 10405 --- [ChronicBlog] [           main] c.n.c.ChronicBlogApplicationTests        : Starting ChronicBlogApplicationTests using Java 22.0.1 with PID 10405 (started by nataliogomes in /Users/nataliogomes/Desktop/Projects/ChronicBlog)
2024-08-22T10:38:52.731+03:00  INFO 10405 --- [ChronicBlog] [           main] c.n.c.ChronicBlogApplicationTests        : No active profile set, falling back to 1 default profile: "default"
2024-08-22T10:38:53.087+03:00  INFO 10405 --- [ChronicBlog] [           main] .s.d.r.c.RepositoryConfigurationDelegate : Bootstrapping Spring Data JPA repositories in DEFAULT mode.
2024-08-22T10:38:53.108+03:00  INFO 10405 --- [ChronicBlog] [           main] .s.d.r.c.RepositoryConfigurationDelegate : Finished Spring Data repository scanning in 18 ms. Found 2 JPA repository interfaces.
2024-08-22T10:38:53.259+03:00 DEBUG 10405 --- [ChronicBlog] [           main] com.zaxxer.hikari.HikariConfig           : Driver class org.postgresql.Driver found in Thread context class loader jdk.internal.loader.ClassLoaders$AppClassLoader@18769467
2024-08-22T10:38:53.304+03:00  INFO 10405 --- [ChronicBlog] [           main] o.hibernate.jpa.internal.util.LogHelper  : HHH000204: Processing PersistenceUnitInfo [name: default]
2024-08-22T10:38:53.332+03:00  INFO 10405 --- [ChronicBlog] [           main] org.hibernate.Version                    : HHH000412: Hibernate ORM core version 6.5.2.Final
2024-08-22T10:38:53.347+03:00  INFO 10405 --- [ChronicBlog] [           main] o.h.c.internal.RegionFactoryInitiator    : HHH000026: Second-level cache disabled
2024-08-22T10:38:53.484+03:00  INFO 10405 --- [ChronicBlog] [           main] o.s.o.j.p.SpringPersistenceUnitInfo      : No LoadTimeWeaver setup: ignoring JPA class transformer
2024-08-22T10:38:53.495+03:00 DEBUG 10405 --- [ChronicBlog] [           main] com.zaxxer.hikari.HikariConfig           : HikariPool-1 - configuration:
2024-08-22T10:38:53.497+03:00 DEBUG 10405 --- [ChronicBlog] [           main] com.zaxxer.hikari.HikariConfig           : allowPoolSuspension.............false
2024-08-22T10:38:53.497+03:00 DEBUG 10405 --- [ChronicBlog] [           main] com.zaxxer.hikari.HikariConfig           : autoCommit......................true
2024-08-22T10:38:53.497+03:00 DEBUG 10405 --- [ChronicBlog] [           main] com.zaxxer.hikari.HikariConfig           : catalog.........................none
2024-08-22T10:38:53.497+03:00 DEBUG 10405 --- [ChronicBlog] [           main] com.zaxxer.hikari.HikariConfig           : connectionInitSql...............none
2024-08-22T10:38:53.498+03:00 DEBUG 10405 --- [ChronicBlog] [           main] com.zaxxer.hikari.HikariConfig           : connectionTestQuery.............none
2024-08-22T10:38:53.498+03:00 DEBUG 10405 --- [ChronicBlog] [           main] com.zaxxer.hikari.HikariConfig           : connectionTimeout...............30000
2024-08-22T10:38:53.498+03:00 DEBUG 10405 --- [ChronicBlog] [           main] com.zaxxer.hikari.HikariConfig           : dataSource......................none
2024-08-22T10:38:53.498+03:00 DEBUG 10405 --- [ChronicBlog] [           main] com.zaxxer.hikari.HikariConfig           : dataSourceClassName.............none
2024-08-22T10:38:53.498+03:00 DEBUG 10405 --- [ChronicBlog] [           main] com.zaxxer.hikari.HikariConfig           : dataSourceJNDI..................none
2024-08-22T10:38:53.498+03:00 DEBUG 10405 --- [ChronicBlog] [           main] com.zaxxer.hikari.HikariConfig           : dataSourceProperties............{password=<masked>}
2024-08-22T10:38:53.498+03:00 DEBUG 10405 --- [ChronicBlog] [           main] com.zaxxer.hikari.HikariConfig           : driverClassName................."org.postgresql.Driver"
2024-08-22T10:38:53.498+03:00 DEBUG 10405 --- [ChronicBlog] [           main] com.zaxxer.hikari.HikariConfig           : exceptionOverrideClassName......none
2024-08-22T10:38:53.498+03:00 DEBUG 10405 --- [ChronicBlog] [           main] com.zaxxer.hikari.HikariConfig           : healthCheckProperties...........{}
2024-08-22T10:38:53.499+03:00 DEBUG 10405 --- [ChronicBlog] [           main] com.zaxxer.hikari.HikariConfig           : healthCheckRegistry.............none
2024-08-22T10:38:53.499+03:00 DEBUG 10405 --- [ChronicBlog] [           main] com.zaxxer.hikari.HikariConfig           : idleTimeout.....................600000
2024-08-22T10:38:53.499+03:00 DEBUG 10405 --- [ChronicBlog] [           main] com.zaxxer.hikari.HikariConfig           : initializationFailTimeout.......1
2024-08-22T10:38:53.499+03:00 DEBUG 10405 --- [ChronicBlog] [           main] com.zaxxer.hikari.HikariConfig           : isolateInternalQueries..........false
2024-08-22T10:38:53.499+03:00 DEBUG 10405 --- [ChronicBlog] [           main] com.zaxxer.hikari.HikariConfig           : jdbcUrl.........................jdbc:postgresql://my-database.c562w0yauxkh.us-east-1.rds.amazonaws.com:5432/BlogDB
2024-08-22T10:38:53.499+03:00 DEBUG 10405 --- [ChronicBlog] [           main] com.zaxxer.hikari.HikariConfig           : keepaliveTime...................0
2024-08-22T10:38:53.499+03:00 DEBUG 10405 --- [ChronicBlog] [           main] com.zaxxer.hikari.HikariConfig           : leakDetectionThreshold..........0
2024-08-22T10:38:53.499+03:00 DEBUG 10405 --- [ChronicBlog] [           main] com.zaxxer.hikari.HikariConfig           : maxLifetime.....................1800000
2024-08-22T10:38:53.499+03:00 DEBUG 10405 --- [ChronicBlog] [           main] com.zaxxer.hikari.HikariConfig           : maximumPoolSize.................10
2024-08-22T10:38:53.499+03:00 DEBUG 10405 --- [ChronicBlog] [           main] com.zaxxer.hikari.HikariConfig           : metricRegistry..................none
2024-08-22T10:38:53.499+03:00 DEBUG 10405 --- [ChronicBlog] [           main] com.zaxxer.hikari.HikariConfig           : metricsTrackerFactory...........none
2024-08-22T10:38:53.499+03:00 DEBUG 10405 --- [ChronicBlog] [           main] com.zaxxer.hikari.HikariConfig           : minimumIdle.....................10
2024-08-22T10:38:53.499+03:00 DEBUG 10405 --- [ChronicBlog] [           main] com.zaxxer.hikari.HikariConfig           : password........................<masked>
2024-08-22T10:38:53.499+03:00 DEBUG 10405 --- [ChronicBlog] [           main] com.zaxxer.hikari.HikariConfig           : poolName........................"HikariPool-1"
2024-08-22T10:38:53.500+03:00 DEBUG 10405 --- [ChronicBlog] [           main] com.zaxxer.hikari.HikariConfig           : readOnly........................false
2024-08-22T10:38:53.500+03:00 DEBUG 10405 --- [ChronicBlog] [           main] com.zaxxer.hikari.HikariConfig           : registerMbeans..................false
2024-08-22T10:38:53.500+03:00 DEBUG 10405 --- [ChronicBlog] [           main] com.zaxxer.hikari.HikariConfig           : scheduledExecutor...............none
2024-08-22T10:38:53.500+03:00 DEBUG 10405 --- [ChronicBlog] [           main] com.zaxxer.hikari.HikariConfig           : schema..........................none
2024-08-22T10:38:53.500+03:00 DEBUG 10405 --- [ChronicBlog] [           main] com.zaxxer.hikari.HikariConfig           : threadFactory...................internal
2024-08-22T10:38:53.500+03:00 DEBUG 10405 --- [ChronicBlog] [           main] com.zaxxer.hikari.HikariConfig           : transactionIsolation............default
2024-08-22T10:38:53.500+03:00 DEBUG 10405 --- [ChronicBlog] [           main] com.zaxxer.hikari.HikariConfig           : username........................"postgres"
2024-08-22T10:38:53.500+03:00 DEBUG 10405 --- [ChronicBlog] [           main] com.zaxxer.hikari.HikariConfig           : validationTimeout...............5000
2024-08-22T10:38:53.500+03:00  INFO 10405 --- [ChronicBlog] [           main] com.zaxxer.hikari.HikariDataSource       : HikariPool-1 - Starting...
2024-08-22T10:38:55.481+03:00  INFO 10405 --- [ChronicBlog] [           main] com.zaxxer.hikari.pool.HikariPool        : HikariPool-1 - Added connection org.postgresql.jdbc.PgConnection@75d97e18
2024-08-22T10:38:55.483+03:00  INFO 10405 --- [ChronicBlog] [           main] com.zaxxer.hikari.HikariDataSource       : HikariPool-1 - Start completed.
2024-08-22T10:38:55.585+03:00 DEBUG 10405 --- [ChronicBlog] [l-1 housekeeper] com.zaxxer.hikari.pool.HikariPool        : HikariPool-1 - Pool stats (total=1, active=1, idle=0, waiting=0)
2024-08-22T10:38:55.683+03:00  WARN 10405 --- [ChronicBlog] [           main] org.hibernate.orm.deprecation            : HHH90000025: PostgreSQLDialect does not need to be specified explicitly using 'hibernate.dialect' (remove the property setting and it will be selected by default)
2024-08-22T10:38:56.507+03:00  INFO 10405 --- [ChronicBlog] [           main] o.h.e.t.j.p.i.JtaPlatformInitiator       : HHH000489: No JTA platform available (set 'hibernate.transaction.jta.platform' to enable JTA platform integration)
2024-08-22T10:38:56.959+03:00 DEBUG 10405 --- [ChronicBlog] [onnection adder] com.zaxxer.hikari.pool.HikariPool        : HikariPool-1 - Added connection org.postgresql.jdbc.PgConnection@145c1b2d
2024-08-22T10:38:56.993+03:00 DEBUG 10405 --- [ChronicBlog] [onnection adder] com.zaxxer.hikari.pool.HikariPool        : HikariPool-1 - After adding stats (total=2, active=1, idle=1, waiting=0)
2024-08-22T10:38:57.045+03:00 DEBUG 10405 --- [ChronicBlog] [           main] org.hibernate.SQL                        : 
    alter table if exists movies 
       alter column summary set data type TEXT
Hibernate: 
    alter table if exists movies 
       alter column summary set data type TEXT
2024-08-22T10:38:58.348+03:00 DEBUG 10405 --- [ChronicBlog] [onnection adder] com.zaxxer.hikari.pool.HikariPool        : HikariPool-1 - Added connection org.postgresql.jdbc.PgConnection@1ea4705d
2024-08-22T10:38:58.382+03:00 DEBUG 10405 --- [ChronicBlog] [onnection adder] com.zaxxer.hikari.pool.HikariPool        : HikariPool-1 - After adding stats (total=3, active=1, idle=2, waiting=0)
2024-08-22T10:38:58.550+03:00  INFO 10405 --- [ChronicBlog] [           main] j.LocalContainerEntityManagerFactoryBean : Initialized JPA EntityManagerFactory for persistence unit 'default'
2024-08-22T10:38:58.810+03:00  INFO 10405 --- [ChronicBlog] [           main] r$InitializeUserDetailsManagerConfigurer : Global AuthenticationManager configured with UserDetailsService bean with name myCustomUserDetailService
2024-08-22T10:38:58.858+03:00  WARN 10405 --- [ChronicBlog] [           main] JpaBaseConfiguration$JpaWebConfiguration : spring.jpa.open-in-view is enabled by default. Therefore, database queries may be performed during view rendering. Explicitly configure spring.jpa.open-in-view to disable this warning
2024-08-22T10:38:59.150+03:00  INFO 10405 --- [ChronicBlog] [           main] c.n.c.ChronicBlogApplicationTests        : Started ChronicBlogApplicationTests in 6.594 seconds (process running for 6.997)
]]></system-out>
    <system-err><![CDATA[WARNING: A Java agent has been loaded dynamically (/Users/nataliogomes/.m2/repository/net/bytebuddy/byte-buddy-agent/1.14.18/byte-buddy-agent-1.14.18.jar)
WARNING: If a serviceability tool is in use, please run with -XX:+EnableDynamicAgentLoading to hide this warning
WARNING: If a serviceability tool is not in use, please run with -Djdk.instrument.traceUsage for more information
WARNING: Dynamic loading of agents will be disallowed by default in a future release
]]></system-err>
  </testcase>
</testsuite>